0 info it worked if it ends with ok
1 verbose cli [ '/Users/fresh/.nvm/versions/node/v7.1.0/bin/node',
1 verbose cli   '/Users/fresh/.nvm/versions/node/v7.1.0/bin/npm',
1 verbose cli   'run',
1 verbose cli   'server' ]
2 info using npm@3.10.9
3 info using node@v7.1.0
4 verbose run-script [ 'preserver', 'server', 'postserver' ]
5 info lifecycle zootopia@1.0.0~preserver: zootopia@1.0.0
6 silly lifecycle zootopia@1.0.0~preserver: no script for preserver, continuing
7 info lifecycle zootopia@1.0.0~server: zootopia@1.0.0
8 verbose lifecycle zootopia@1.0.0~server: unsafe-perm in lifecycle true
9 verbose lifecycle zootopia@1.0.0~server: PATH: /Users/fresh/.nvm/versions/node/v7.1.0/lib/node_modules/npm/bin/node-gyp-bin:/Users/fresh/code/bsca/zootopia/node_modules/.bin:/Users/fresh/.nvm/versions/node/v7.1.0/lib/node_modules/npm/bin/node-gyp-bin:/Users/fresh/code/bsca/zootopia/node_modules/.bin:/Library/Frameworks/Python.framework/Versions/3.4/bin:/Users/fresh/.rvm/gems/ruby-2.2.2/bin:/Users/fresh/.rvm/gems/ruby-2.2.2@global/bin:/Users/fresh/.rvm/rubies/ruby-2.2.2/bin:/Users/fresh/.nvm/versions/node/v7.1.0/bin:/usr/local/bin:/usr/bin:/bin:/usr/sbin:/sbin:/Users/fresh/.rvm/bin:/Applications/Postgres.app/Contents/Versions/9.4/bin:/Users/fresh/.rvm/bin:/Users/fresh/bin
10 verbose lifecycle zootopia@1.0.0~server: CWD: /Users/fresh/code/bsca/zootopia
11 silly lifecycle zootopia@1.0.0~server: Args: [ '-c', 'babel-node server.js' ]
12 silly lifecycle zootopia@1.0.0~server: Returned: code: 1  signal: null
13 info lifecycle zootopia@1.0.0~server: Failed to exec server script
14 verbose stack Error: zootopia@1.0.0 server: `babel-node server.js`
14 verbose stack Exit status 1
14 verbose stack     at EventEmitter.<anonymous> (/Users/fresh/.nvm/versions/node/v7.1.0/lib/node_modules/npm/lib/utils/lifecycle.js:255:16)
14 verbose stack     at emitTwo (events.js:106:13)
14 verbose stack     at EventEmitter.emit (events.js:191:7)
14 verbose stack     at ChildProcess.<anonymous> (/Users/fresh/.nvm/versions/node/v7.1.0/lib/node_modules/npm/lib/utils/spawn.js:40:14)
14 verbose stack     at emitTwo (events.js:106:13)
14 verbose stack     at ChildProcess.emit (events.js:191:7)
14 verbose stack     at maybeClose (internal/child_process.js:885:16)
14 verbose stack     at Process.ChildProcess._handle.onexit (internal/child_process.js:226:5)
15 verbose pkgid zootopia@1.0.0
16 verbose cwd /Users/fresh/code/bsca/zootopia
17 error Darwin 15.6.0
18 error argv "/Users/fresh/.nvm/versions/node/v7.1.0/bin/node" "/Users/fresh/.nvm/versions/node/v7.1.0/bin/npm" "run" "server"
19 error node v7.1.0
20 error npm  v3.10.9
21 error code ELIFECYCLE
22 error zootopia@1.0.0 server: `babel-node server.js`
22 error Exit status 1
23 error Failed at the zootopia@1.0.0 server script 'babel-node server.js'.
23 error Make sure you have the latest version of node.js and npm installed.
23 error If you do, this is most likely a problem with the zootopia package,
23 error not with npm itself.
23 error Tell the author that this fails on your system:
23 error     babel-node server.js
23 error You can get information on how to open an issue for this project with:
23 error     npm bugs zootopia
23 error Or if that isn't available, you can get their info via:
23 error     npm owner ls zootopia
23 error There is likely additional logging output above.
24 verbose exit [ 1, true ]
